<?xml version="1.0" encoding="UTF-8"?>
<!-- Generated by org.testng.reporters.JUnitReportReporter -->
<testsuite hostname="RAJESH-VAIO" name="com.websystique.springmvc.controller.AppControllerTest" tests="10" failures="0" timestamp="27 Jan 2019 07:55:54 GMT" time="0.280" errors="0">
  <testcase name="saveEmployeeWithSuccess" time="0.020" classname="com.websystique.springmvc.controller.AppControllerTest"/>
  <testcase name="saveEmployeeWithValidationError" time="0.000" classname="com.websystique.springmvc.controller.AppControllerTest"/>
  <testcase name="updateEmployeeWithValidationError" time="0.000" classname="com.websystique.springmvc.controller.AppControllerTest"/>
  <testcase name="editEmployee" time="0.100" classname="com.websystique.springmvc.controller.AppControllerTest"/>
  <testcase name="saveEmployeeWithValidationErrorNonUniqueSSN" time="0.010" classname="com.websystique.springmvc.controller.AppControllerTest"/>
  <testcase name="updateEmployeeWithValidationErrorNonUniqueSSN" time="0.000" classname="com.websystique.springmvc.controller.AppControllerTest"/>
  <testcase name="deleteEmployee" time="0.090" classname="com.websystique.springmvc.controller.AppControllerTest"/>
  <testcase name="listEmployees" time="0.050" classname="com.websystique.springmvc.controller.AppControllerTest"/>
  <testcase name="newEmployee" time="0.000" classname="com.websystique.springmvc.controller.AppControllerTest"/>
  <testcase name="updateEmployeeWithSuccess" time="0.010" classname="com.websystique.springmvc.controller.AppControllerTest"/>
</testsuite> <!-- com.websystique.springmvc.controller.AppControllerTest -->
